<?xml version="1.0" encoding="UTF-8"?>
<!-- Generated by org.testng.reporters.JUnitReportReporter -->
<testsuite skipped="0" hostname="DESKTOP-81M737A" name="demoRest.GoogleMapTest" tests="3" failures="0" timestamp="29 Sep 2017 21:32:33 GMT" time="3.859" errors="0">
  <testcase name="deletePlaceTest" time="0.760" classname="demoRest.GoogleMapTest"/>
  <testcase name="addPlaceTest" time="2.261" classname="demoRest.GoogleMapTest"/>
  <testcase name="searchPlaceTest" time="0.838" classname="demoRest.GoogleMapTest"/>
</testsuite> <!-- demoRest.GoogleMapTest -->
