<?xml version="1.0" encoding="UTF-8"?>
<!-- Generated by org.testng.reporters.JUnitReportReporter -->
<testsuite skipped="0" hostname="DESKTOP-81M737A" name="Tests.CityBike" tests="7" failures="0" timestamp="27 Sep 2020 21:43:29 GMT" time="5.043" errors="0">
  <testcase name="verifyCountforAllCitiesForCityBike" time="0.472" classname="Tests.CityBike"/>
  <testcase name="verifyCityFrankfurtWithAllDetailsForCityBike" time="0.169" classname="Tests.CityBike"/>
  <testcase name="getTheListOfCitiesForCountryForCityBike" time="3.310" classname="Tests.CityBike"/>
  <testcase name="verifyCityPresentsInWorldLocationsForCityBike" time="0.632" classname="Tests.CityBike"/>
  <testcase name="verifyErrorAfterSendingWrongURLToCityBike" time="0.025" classname="Tests.CityBike"/>
  <testcase name="verifyAllCityLocationsHaveAllFieldsForCityBike" time="0.243" classname="Tests.CityBike"/>
  <testcase name="verifyCountforAllComaniesForCityBike" time="0.192" classname="Tests.CityBike"/>
</testsuite> <!-- Tests.CityBike -->
