<?xml version="1.0" encoding="UTF-8"?>
<!-- Generated by org.testng.reporters.JUnitReportReporter -->
<testsuite skipped="0" hostname="DESKTOP-81M737A" name="demoRest.CityBike" tests="3" failures="0" timestamp="27 Sep 2020 16:19:28 GMT" time="4.785" errors="0">
  <testcase name="getAllCitiesWithAllDetailsForCityBike" time="0.384" classname="demoRest.CityBike"/>
  <testcase name="getAllCitiesForCityBike" time="3.961" classname="demoRest.CityBike"/>
  <testcase name="getCityWithAllDetailsForCityBike" time="0.440" classname="demoRest.CityBike"/>
</testsuite> <!-- demoRest.CityBike -->
