<?xml version="1.0" encoding="UTF-8"?>
<!-- Generated by org.testng.reporters.JUnitReportReporter -->
<testsuite skipped="0" hostname="DESKTOP-81M737A" name="Tests.TestCityBikeApp" tests="7" failures="0" timestamp="29 Sep 2020 13:50:43 GMT" time="21.983" errors="0">
  <testcase name="verifyCountforAllCitiesForCityBike" time="0.589" classname="Tests.TestCityBikeApp"/>
  <testcase name="verifyCityFrankfurtWithAllDetailsForCityBike" time="0.937" classname="Tests.TestCityBikeApp"/>
  <testcase name="getTheListOfCitiesForCountryForCityBike" time="17.881" classname="Tests.TestCityBikeApp"/>
  <testcase name="verifyCityPresentsInWorldLocationsForCityBike" time="1.033" classname="Tests.TestCityBikeApp"/>
  <testcase name="verifyErrorAfterSendingWrongURLToCityBike" time="0.046" classname="Tests.TestCityBikeApp"/>
  <testcase name="verifyAllCityLocationsHaveAllFieldsForCityBike" time="1.018" classname="Tests.TestCityBikeApp"/>
  <testcase name="verifyCountforAllComaniesForCityBike" time="0.479" classname="Tests.TestCityBikeApp"/>
</testsuite> <!-- Tests.TestCityBikeApp -->
